build/app/intermediates/manifest_merge_blame_file/debug/manifest-merger-blame-debug-report.txt
1<?xml version="1.0" encoding="utf-8"?>
2<manifest xmlns:android="http://schemas.android.com/apk/res/android"
3    package="com.example.jagvault"
4    android:versionCode="1"
5    android:versionName="1.0.0" >
6
7    <uses-sdk
8        android:minSdkVersion="19"
9        android:targetSdkVersion="33" />
10    <!--
11         The INTERNET permission is required for development. Specifically,
12         the Flutter tool needs it to communicate with the running application
13         to allow setting breakpoints, to provide hot reload, etc.
14    -->
15    <uses-permission android:name="android.permission.INTERNET" />
15-->src/debug/AndroidManifest.xml:7:5-66
15-->src/debug/AndroidManifest.xml:7:22-64
16    <uses-permission android:name="android.permission.READ_EXTERNAL_STORAGE" />
16-->[:file_picker] AndroidManifest.xml:9:5-80
16-->[:file_picker] AndroidManifest.xml:9:22-77
17
18    <queries>
18-->[:file_picker] AndroidManifest.xml:11:5-17:15
19        <intent>
19-->[:file_picker] AndroidManifest.xml:12:9-16:18
20            <action android:name="android.intent.action.GET_CONTENT" />
20-->[:file_picker] AndroidManifest.xml:13:13-72
20-->[:file_picker] AndroidManifest.xml:13:21-69
21
22            <data android:mimeType="*/*" />
22-->[:file_picker] AndroidManifest.xml:15:13-44
22-->[:file_picker] AndroidManifest.xml:15:19-41
23        </intent>
24        <intent>
24-->[androidx.media2:media2-session:1.2.1] AndroidManifest.xml:25:9-27:18
25            <action android:name="android.media.browse.MediaBrowserService" />
25-->[androidx.media2:media2-session:1.2.1] AndroidManifest.xml:26:13-79
25-->[androidx.media2:media2-session:1.2.1] AndroidManifest.xml:26:21-76
26        </intent>
27        <intent>
27-->[androidx.media2:media2-session:1.2.1] AndroidManifest.xml:28:9-30:18
28            <action android:name="androidx.media2.session.MediaSessionService" />
28-->[androidx.media2:media2-session:1.2.1] AndroidManifest.xml:29:13-82
28-->[androidx.media2:media2-session:1.2.1] AndroidManifest.xml:29:21-79
29        </intent>
30        <intent>
30-->[androidx.media2:media2-session:1.2.1] AndroidManifest.xml:31:9-33:18
31            <action android:name="androidx.media2.session.MediaLibraryService" />
31-->[androidx.media2:media2-session:1.2.1] AndroidManifest.xml:32:13-82
31-->[androidx.media2:media2-session:1.2.1] AndroidManifest.xml:32:21-79
32        </intent>
33    </queries> <!-- Although the *SdkVersion is captured in gradle build files, this is required for non gradle builds -->
34    <!-- <uses-sdk android:minSdkVersion="14" /> -->
35    <uses-permission android:name="android.permission.ACCESS_NETWORK_STATE" />
35-->[com.google.firebase:firebase-firestore:24.9.1] AndroidManifest.xml:10:5-79
35-->[com.google.firebase:firebase-firestore:24.9.1] AndroidManifest.xml:10:22-76
36
37    <permission
37-->[androidx.core:core:1.10.1] AndroidManifest.xml:22:5-24:47
38        android:name="com.example.jagvault.DYNAMIC_RECEIVER_NOT_EXPORTED_PERMISSION"
38-->[androidx.core:core:1.10.1] AndroidManifest.xml:23:9-81
39        android:protectionLevel="signature" />
39-->[androidx.core:core:1.10.1] AndroidManifest.xml:24:9-44
40
41    <uses-permission android:name="com.example.jagvault.DYNAMIC_RECEIVER_NOT_EXPORTED_PERMISSION" />
41-->[androidx.core:core:1.10.1] AndroidManifest.xml:26:5-97
41-->[androidx.core:core:1.10.1] AndroidManifest.xml:26:22-94
42
43    <application
44        android:name="android.app.Application"
45        android:appComponentFactory="androidx.core.app.CoreComponentFactory"
45-->[androidx.core:core:1.10.1] AndroidManifest.xml:28:18-86
46        android:debuggable="true"
47        android:icon="@mipmap/ic_launcher"
48        android:label="jagvault" >
49        <activity
50            android:name="com.example.jagvault.MainActivity"
51            android:configChanges="orientation|keyboardHidden|keyboard|screenSize|smallestScreenSize|locale|layoutDirection|fontScale|screenLayout|density|uiMode"
52            android:exported="true"
53            android:hardwareAccelerated="true"
54            android:launchMode="singleTop"
55            android:theme="@style/LaunchTheme"
56            android:windowSoftInputMode="adjustResize" >
57
58            <!--
59                 Specifies an Android theme to apply to this Activity as soon as
60                 the Android process has started. This theme is visible to the user
61                 while the Flutter UI initializes. After that, this theme continues
62                 to determine the Window background behind the Flutter UI.
63            -->
64            <meta-data
65                android:name="io.flutter.embedding.android.NormalTheme"
66                android:resource="@style/NormalTheme" />
67
68            <intent-filter>
69                <action android:name="android.intent.action.MAIN" />
70
71                <category android:name="android.intent.category.LAUNCHER" />
72            </intent-filter>
73        </activity>
74        <!--
75             Don't delete the meta-data below.
76             This is used by the Flutter tool to generate GeneratedPluginRegistrant.java
77        -->
78        <meta-data
79            android:name="flutterEmbedding"
80            android:value="2" />
81
82        <service
82-->[:firebase_auth] AndroidManifest.xml:10:9-14:19
83            android:name="com.google.firebase.components.ComponentDiscoveryService"
83-->[:firebase_auth] AndroidManifest.xml:10:18-89
84            android:directBootAware="true"
84-->[com.google.firebase:firebase-common:20.4.2] AndroidManifest.xml:32:13-43
85            android:exported="false" >
85-->[com.google.firebase:firebase-firestore:24.9.1] AndroidManifest.xml:16:13-37
86            <meta-data
86-->[:firebase_auth] AndroidManifest.xml:11:13-13:85
87                android:name="com.google.firebase.components:io.flutter.plugins.firebase.auth.FlutterFirebaseAuthRegistrar"
87-->[:firebase_auth] AndroidManifest.xml:12:17-124
88                android:value="com.google.firebase.components.ComponentRegistrar" />
88-->[:firebase_auth] AndroidManifest.xml:13:17-82
89            <meta-data
89-->[:firebase_storage] AndroidManifest.xml:11:13-13:85
90                android:name="com.google.firebase.components:io.flutter.plugins.firebase.storage.FlutterFirebaseAppRegistrar"
90-->[:firebase_storage] AndroidManifest.xml:12:17-126
91                android:value="com.google.firebase.components.ComponentRegistrar" />
91-->[:firebase_storage] AndroidManifest.xml:13:17-82
92            <meta-data
92-->[:cloud_firestore] AndroidManifest.xml:11:13-13:85
93                android:name="com.google.firebase.components:io.flutter.plugins.firebase.firestore.FlutterFirebaseFirestoreRegistrar"
93-->[:cloud_firestore] AndroidManifest.xml:12:17-134
94                android:value="com.google.firebase.components.ComponentRegistrar" />
94-->[:cloud_firestore] AndroidManifest.xml:13:17-82
95            <meta-data
95-->[:firebase_core] AndroidManifest.xml:11:13-13:85
96                android:name="com.google.firebase.components:io.flutter.plugins.firebase.core.FlutterFirebaseCoreRegistrar"
96-->[:firebase_core] AndroidManifest.xml:12:17-124
97                android:value="com.google.firebase.components.ComponentRegistrar" />
97-->[:firebase_core] AndroidManifest.xml:13:17-82
98            <meta-data
98-->[com.google.firebase:firebase-firestore:24.9.1] AndroidManifest.xml:17:13-19:85
99                android:name="com.google.firebase.components:com.google.firebase.firestore.FirebaseFirestoreKtxRegistrar"
99-->[com.google.firebase:firebase-firestore:24.9.1] AndroidManifest.xml:18:17-122
100                android:value="com.google.firebase.components.ComponentRegistrar" />
100-->[com.google.firebase:firebase-firestore:24.9.1] AndroidManifest.xml:19:17-82
101            <meta-data
101-->[com.google.firebase:firebase-firestore:24.9.1] AndroidManifest.xml:20:13-22:85
102                android:name="com.google.firebase.components:com.google.firebase.firestore.FirestoreRegistrar"
102-->[com.google.firebase:firebase-firestore:24.9.1] AndroidManifest.xml:21:17-111
103                android:value="com.google.firebase.components.ComponentRegistrar" />
103-->[com.google.firebase:firebase-firestore:24.9.1] AndroidManifest.xml:22:17-82
104            <meta-data
104-->[com.google.firebase:firebase-storage:20.3.0] AndroidManifest.xml:30:13-32:85
105                android:name="com.google.firebase.components:com.google.firebase.storage.FirebaseStorageKtxRegistrar"
105-->[com.google.firebase:firebase-storage:20.3.0] AndroidManifest.xml:31:17-118
106                android:value="com.google.firebase.components.ComponentRegistrar" />
106-->[com.google.firebase:firebase-storage:20.3.0] AndroidManifest.xml:32:17-82
107            <meta-data
107-->[com.google.firebase:firebase-storage:20.3.0] AndroidManifest.xml:33:13-35:85
108                android:name="com.google.firebase.components:com.google.firebase.storage.StorageRegistrar"
108-->[com.google.firebase:firebase-storage:20.3.0] AndroidManifest.xml:34:17-107
109                android:value="com.google.firebase.components.ComponentRegistrar" />
109-->[com.google.firebase:firebase-storage:20.3.0] AndroidManifest.xml:35:17-82
110            <meta-data
110-->[com.google.firebase:firebase-auth:22.2.0] AndroidManifest.xml:69:13-71:85
111                android:name="com.google.firebase.components:com.google.firebase.auth.FirebaseAuthRegistrar"
111-->[com.google.firebase:firebase-auth:22.2.0] AndroidManifest.xml:70:17-109
112                android:value="com.google.firebase.components.ComponentRegistrar" />
112-->[com.google.firebase:firebase-auth:22.2.0] AndroidManifest.xml:71:17-82
113            <meta-data
113-->[com.google.firebase:firebase-appcheck:17.1.1] AndroidManifest.xml:25:13-27:85
114                android:name="com.google.firebase.components:com.google.firebase.appcheck.FirebaseAppCheckKtxRegistrar"
114-->[com.google.firebase:firebase-appcheck:17.1.1] AndroidManifest.xml:26:17-120
115                android:value="com.google.firebase.components.ComponentRegistrar" />
115-->[com.google.firebase:firebase-appcheck:17.1.1] AndroidManifest.xml:27:17-82
116            <meta-data
116-->[com.google.firebase:firebase-appcheck:17.1.1] AndroidManifest.xml:28:13-30:85
117                android:name="com.google.firebase.components:com.google.firebase.appcheck.FirebaseAppCheckRegistrar"
117-->[com.google.firebase:firebase-appcheck:17.1.1] AndroidManifest.xml:29:17-117
118                android:value="com.google.firebase.components.ComponentRegistrar" />
118-->[com.google.firebase:firebase-appcheck:17.1.1] AndroidManifest.xml:30:17-82
119            <meta-data
119-->[com.google.firebase:firebase-common-ktx:20.4.2] AndroidManifest.xml:12:13-14:85
120                android:name="com.google.firebase.components:com.google.firebase.ktx.FirebaseCommonLegacyRegistrar"
120-->[com.google.firebase:firebase-common-ktx:20.4.2] AndroidManifest.xml:13:17-116
121                android:value="com.google.firebase.components.ComponentRegistrar" />
121-->[com.google.firebase:firebase-common-ktx:20.4.2] AndroidManifest.xml:14:17-82
122            <meta-data
122-->[com.google.firebase:firebase-common:20.4.2] AndroidManifest.xml:35:13-37:85
123                android:name="com.google.firebase.components:com.google.firebase.FirebaseCommonKtxRegistrar"
123-->[com.google.firebase:firebase-common:20.4.2] AndroidManifest.xml:36:17-109
124                android:value="com.google.firebase.components.ComponentRegistrar" />
124-->[com.google.firebase:firebase-common:20.4.2] AndroidManifest.xml:37:17-82
125        </service>
126
127        <provider
127-->[:image_picker_android] AndroidManifest.xml:10:9-18:20
128            android:name="io.flutter.plugins.imagepicker.ImagePickerFileProvider"
128-->[:image_picker_android] AndroidManifest.xml:11:13-82
129            android:authorities="com.example.jagvault.flutter.image_provider"
129-->[:image_picker_android] AndroidManifest.xml:12:13-74
130            android:exported="false"
130-->[:image_picker_android] AndroidManifest.xml:13:13-37
131            android:grantUriPermissions="true" >
131-->[:image_picker_android] AndroidManifest.xml:14:13-47
132            <meta-data
132-->[:image_picker_android] AndroidManifest.xml:15:13-17:75
133                android:name="android.support.FILE_PROVIDER_PATHS"
133-->[:image_picker_android] AndroidManifest.xml:16:17-67
134                android:resource="@xml/flutter_image_picker_file_paths" />
134-->[:image_picker_android] AndroidManifest.xml:17:17-72
135        </provider>
136
137        <activity
137-->[com.google.firebase:firebase-auth:22.2.0] AndroidManifest.xml:29:9-46:20
138            android:name="com.google.firebase.auth.internal.GenericIdpActivity"
138-->[com.google.firebase:firebase-auth:22.2.0] AndroidManifest.xml:30:13-80
139            android:excludeFromRecents="true"
139-->[com.google.firebase:firebase-auth:22.2.0] AndroidManifest.xml:31:13-46
140            android:exported="true"
140-->[com.google.firebase:firebase-auth:22.2.0] AndroidManifest.xml:32:13-36
141            android:launchMode="singleTask"
141-->[com.google.firebase:firebase-auth:22.2.0] AndroidManifest.xml:33:13-44
142            android:theme="@android:style/Theme.Translucent.NoTitleBar" >
142-->[com.google.firebase:firebase-auth:22.2.0] AndroidManifest.xml:34:13-72
143            <intent-filter>
143-->[com.google.firebase:firebase-auth:22.2.0] AndroidManifest.xml:35:13-45:29
144                <action android:name="android.intent.action.VIEW" />
144-->[com.google.firebase:firebase-auth:22.2.0] AndroidManifest.xml:36:17-69
144-->[com.google.firebase:firebase-auth:22.2.0] AndroidManifest.xml:36:25-66
145
146                <category android:name="android.intent.category.DEFAULT" />
146-->[com.google.firebase:firebase-auth:22.2.0] AndroidManifest.xml:38:17-76
146-->[com.google.firebase:firebase-auth:22.2.0] AndroidManifest.xml:38:27-73
147                <category android:name="android.intent.category.BROWSABLE" />
147-->[com.google.firebase:firebase-auth:22.2.0] AndroidManifest.xml:39:17-78
147-->[com.google.firebase:firebase-auth:22.2.0] AndroidManifest.xml:39:27-75
148
149                <data
149-->[:file_picker] AndroidManifest.xml:15:13-44
150                    android:host="firebase.auth"
151                    android:path="/"
152                    android:scheme="genericidp" />
153            </intent-filter>
154        </activity>
155        <activity
155-->[com.google.firebase:firebase-auth:22.2.0] AndroidManifest.xml:47:9-64:20
156            android:name="com.google.firebase.auth.internal.RecaptchaActivity"
156-->[com.google.firebase:firebase-auth:22.2.0] AndroidManifest.xml:48:13-79
157            android:excludeFromRecents="true"
157-->[com.google.firebase:firebase-auth:22.2.0] AndroidManifest.xml:49:13-46
158            android:exported="true"
158-->[com.google.firebase:firebase-auth:22.2.0] AndroidManifest.xml:50:13-36
159            android:launchMode="singleTask"
159-->[com.google.firebase:firebase-auth:22.2.0] AndroidManifest.xml:51:13-44
160            android:theme="@android:style/Theme.Translucent.NoTitleBar" >
160-->[com.google.firebase:firebase-auth:22.2.0] AndroidManifest.xml:52:13-72
161            <intent-filter>
161-->[com.google.firebase:firebase-auth:22.2.0] AndroidManifest.xml:53:13-63:29
162                <action android:name="android.intent.action.VIEW" />
162-->[com.google.firebase:firebase-auth:22.2.0] AndroidManifest.xml:36:17-69
162-->[com.google.firebase:firebase-auth:22.2.0] AndroidManifest.xml:36:25-66
163
164                <category android:name="android.intent.category.DEFAULT" />
164-->[com.google.firebase:firebase-auth:22.2.0] AndroidManifest.xml:38:17-76
164-->[com.google.firebase:firebase-auth:22.2.0] AndroidManifest.xml:38:27-73
165                <category android:name="android.intent.category.BROWSABLE" />
165-->[com.google.firebase:firebase-auth:22.2.0] AndroidManifest.xml:39:17-78
165-->[com.google.firebase:firebase-auth:22.2.0] AndroidManifest.xml:39:27-75
166
167                <data
167-->[:file_picker] AndroidManifest.xml:15:13-44
168                    android:host="firebase.auth"
169                    android:path="/"
170                    android:scheme="recaptcha" />
171            </intent-filter>
172        </activity>
173
174        <provider
174-->[com.google.firebase:firebase-common:20.4.2] AndroidManifest.xml:23:9-28:39
175            android:name="com.google.firebase.provider.FirebaseInitProvider"
175-->[com.google.firebase:firebase-common:20.4.2] AndroidManifest.xml:24:13-77
176            android:authorities="com.example.jagvault.firebaseinitprovider"
176-->[com.google.firebase:firebase-common:20.4.2] AndroidManifest.xml:25:13-72
177            android:directBootAware="true"
177-->[com.google.firebase:firebase-common:20.4.2] AndroidManifest.xml:26:13-43
178            android:exported="false"
178-->[com.google.firebase:firebase-common:20.4.2] AndroidManifest.xml:27:13-37
179            android:initOrder="100" />
179-->[com.google.firebase:firebase-common:20.4.2] AndroidManifest.xml:28:13-36
180
181        <activity
181-->[com.google.android.gms:play-services-base:18.0.1] AndroidManifest.xml:20:9-22:45
182            android:name="com.google.android.gms.common.api.GoogleApiActivity"
182-->[com.google.android.gms:play-services-base:18.0.1] AndroidManifest.xml:20:19-85
183            android:exported="false"
183-->[com.google.android.gms:play-services-base:18.0.1] AndroidManifest.xml:22:19-43
184            android:theme="@android:style/Theme.Translucent.NoTitleBar" />
184-->[com.google.android.gms:play-services-base:18.0.1] AndroidManifest.xml:21:19-78
185
186        <meta-data
186-->[com.google.android.gms:play-services-basement:18.1.0] AndroidManifest.xml:21:9-23:69
187            android:name="com.google.android.gms.version"
187-->[com.google.android.gms:play-services-basement:18.1.0] AndroidManifest.xml:22:13-58
188            android:value="@integer/google_play_services_version" />
188-->[com.google.android.gms:play-services-basement:18.1.0] AndroidManifest.xml:23:13-66
189
190        <uses-library
190-->[androidx.window:window:1.0.0-beta04] AndroidManifest.xml:25:9-27:40
191            android:name="androidx.window.extensions"
191-->[androidx.window:window:1.0.0-beta04] AndroidManifest.xml:26:13-54
192            android:required="false" />
192-->[androidx.window:window:1.0.0-beta04] AndroidManifest.xml:27:13-37
193        <uses-library
193-->[androidx.window:window:1.0.0-beta04] AndroidManifest.xml:28:9-30:40
194            android:name="androidx.window.sidecar"
194-->[androidx.window:window:1.0.0-beta04] AndroidManifest.xml:29:13-51
195            android:required="false" />
195-->[androidx.window:window:1.0.0-beta04] AndroidManifest.xml:30:13-37
196
197        <provider
197-->[androidx.profileinstaller:profileinstaller:1.3.0] AndroidManifest.xml:24:9-32:20
198            android:name="androidx.startup.InitializationProvider"
198-->[androidx.profileinstaller:profileinstaller:1.3.0] AndroidManifest.xml:25:13-67
199            android:authorities="com.example.jagvault.androidx-startup"
199-->[androidx.profileinstaller:profileinstaller:1.3.0] AndroidManifest.xml:26:13-68
200            android:exported="false" >
200-->[androidx.profileinstaller:profileinstaller:1.3.0] AndroidManifest.xml:27:13-37
201            <meta-data
201-->[androidx.profileinstaller:profileinstaller:1.3.0] AndroidManifest.xml:29:13-31:52
202                android:name="androidx.profileinstaller.ProfileInstallerInitializer"
202-->[androidx.profileinstaller:profileinstaller:1.3.0] AndroidManifest.xml:30:17-85
203                android:value="androidx.startup" />
203-->[androidx.profileinstaller:profileinstaller:1.3.0] AndroidManifest.xml:31:17-49
204        </provider>
205
206        <receiver
206-->[androidx.profileinstaller:profileinstaller:1.3.0] AndroidManifest.xml:34:9-52:20
207            android:name="androidx.profileinstaller.ProfileInstallReceiver"
207-->[androidx.profileinstaller:profileinstaller:1.3.0] AndroidManifest.xml:35:13-76
208            android:directBootAware="false"
208-->[androidx.profileinstaller:profileinstaller:1.3.0] AndroidManifest.xml:36:13-44
209            android:enabled="true"
209-->[androidx.profileinstaller:profileinstaller:1.3.0] AndroidManifest.xml:37:13-35
210            android:exported="true"
210-->[androidx.profileinstaller:profileinstaller:1.3.0] AndroidManifest.xml:38:13-36
211            android:permission="android.permission.DUMP" >
211-->[androidx.profileinstaller:profileinstaller:1.3.0] AndroidManifest.xml:39:13-57
212            <intent-filter>
212-->[androidx.profileinstaller:profileinstaller:1.3.0] AndroidManifest.xml:40:13-42:29
213                <action android:name="androidx.profileinstaller.action.INSTALL_PROFILE" />
213-->[androidx.profileinstaller:profileinstaller:1.3.0] AndroidManifest.xml:41:17-91
213-->[androidx.profileinstaller:profileinstaller:1.3.0] AndroidManifest.xml:41:25-88
214            </intent-filter>
215            <intent-filter>
215-->[androidx.profileinstaller:profileinstaller:1.3.0] AndroidManifest.xml:43:13-45:29
216                <action android:name="androidx.profileinstaller.action.SKIP_FILE" />
216-->[androidx.profileinstaller:profileinstaller:1.3.0] AndroidManifest.xml:44:17-85
216-->[androidx.profileinstaller:profileinstaller:1.3.0] AndroidManifest.xml:44:25-82
217            </intent-filter>
218            <intent-filter>
218-->[androidx.profileinstaller:profileinstaller:1.3.0] AndroidManifest.xml:46:13-48:29
219                <action android:name="androidx.profileinstaller.action.SAVE_PROFILE" />
219-->[androidx.profileinstaller:profileinstaller:1.3.0] AndroidManifest.xml:47:17-88
219-->[androidx.profileinstaller:profileinstaller:1.3.0] AndroidManifest.xml:47:25-85
220            </intent-filter>
221            <intent-filter>
221-->[androidx.profileinstaller:profileinstaller:1.3.0] AndroidManifest.xml:49:13-51:29
222                <action android:name="androidx.profileinstaller.action.BENCHMARK_OPERATION" />
222-->[androidx.profileinstaller:profileinstaller:1.3.0] AndroidManifest.xml:50:17-95
222-->[androidx.profileinstaller:profileinstaller:1.3.0] AndroidManifest.xml:50:25-92
223            </intent-filter>
224        </receiver>
225    </application>
226
227</manifest>